<?xml version="1.0" encoding="UTF-8"?>
<testsuite xmlns:xsi="http://www.w3.org/2001/XMLSchema-instance" xsi:noNamespaceSchemaLocation="https://maven.apache.org/surefire/maven-surefire-plugin/xsd/surefire-test-report-3.0.xsd" version="3.0" name="com.panoseko.devtrack.DevtrackApplicationTests" time="21.035" tests="1" errors="0" skipped="0" failures="0">
  <properties>
[...]
</properties>
  <testcase name="contextLoads" classname="com.panoseko.devtrack.DevtrackApplicationTests" time="1.141">
    <system-out><![CDATA[23:42:47.498 [main] INFO org.springframework.test.context.support.AnnotationConfigContextLoaderUtils -- Could not detect default configuration classes for test class [com.panoseko.devtrack.DevtrackApplicationTests]: DevtrackApplicationTests does not declare any static, non-private, non-final, nested classes annotated with @Configuration.
23:42:47.706 [main] INFO org.springframework.boot.test.context.SpringBootTestContextBootstrapper -- Found @SpringBootConfiguration com.panoseko.devtrack.DevtrackApplication for test class com.panoseko.devtrack.DevtrackApplicationTests

  .   ____          _            __ _ _
 /\\ / ___'_ __ _ _(_)_ __  __ _ \ \ \ \
( ( )\___ | '_ | '_| | '_ \/ _` | \ \ \ \
 \\/  ___)| |_)| | | | | || (_| |  ) ) ) )
  '  |____| .__|_| |_|_| |_\__, | / / / /
 =========|_|==============|___/=/_/_/_/
 :: Spring Boot ::                (v3.1.3)

2023-10-25T23:42:48.678+03:00  INFO 1344 --- [           main] c.p.devtrack.DevtrackApplicationTests    : Starting DevtrackApplicationTests using Java 20.0.2 with PID 1344 (started by liber in C:\Users\liber\Documents\devtrack)
2023-10-25T23:42:48.685+03:00  INFO 1344 --- [           main] c.p.devtrack.DevtrackApplicationTests    : No active profile set, falling back to 1 default profile: "default"
2023-10-25T23:42:50.915+03:00  INFO 1344 --- [           main] .s.d.r.c.RepositoryConfigurationDelegate : Bootstrapping Spring Data JPA repositories in DEFAULT mode.
2023-10-25T23:42:51.066+03:00  INFO 1344 --- [           main] .s.d.r.c.RepositoryConfigurationDelegate : Finished Spring Data repository scanning in 138 ms. Found 4 JPA repository interfaces.
2023-10-25T23:42:52.543+03:00  INFO 1344 --- [           main] o.hibernate.jpa.internal.util.LogHelper  : HHH000204: Processing PersistenceUnitInfo [name: default]
2023-10-25T23:42:52.659+03:00  INFO 1344 --- [           main] org.hibernate.Version                    : HHH000412: Hibernate ORM core version 6.2.7.Final
2023-10-25T23:42:52.663+03:00  INFO 1344 --- [           main] org.hibernate.cfg.Environment            : HHH000406: Using bytecode reflection optimizer
2023-10-25T23:42:53.033+03:00  INFO 1344 --- [           main] o.h.b.i.BytecodeProviderInitiator        : HHH000021: Bytecode provider name : bytebuddy
2023-10-25T23:42:53.289+03:00  INFO 1344 --- [           main] o.s.o.j.p.SpringPersistenceUnitInfo      : No LoadTimeWeaver setup: ignoring JPA class transformer
2023-10-25T23:42:53.345+03:00  INFO 1344 --- [           main] com.zaxxer.hikari.HikariDataSource       : HikariPool-1 - Starting...
2023-10-25T23:42:57.020+03:00  INFO 1344 --- [           main] com.zaxxer.hikari.pool.HikariPool        : HikariPool-1 - Added connection org.postgresql.jdbc.PgConnection@283a8ad6
2023-10-25T23:42:57.022+03:00  INFO 1344 --- [           main] com.zaxxer.hikari.HikariDataSource       : HikariPool-1 - Start completed.
2023-10-25T23:42:57.728+03:00  INFO 1344 --- [           main] o.h.b.i.BytecodeProviderInitiator        : HHH000021: Bytecode provider name : bytebuddy
2023-10-25T23:42:58.733+03:00  INFO 1344 --- [           main] o.h.e.t.j.p.i.JtaPlatformInitiator       : HHH000490: Using JtaPlatform implementation: [org.hibernate.engine.transaction.jta.platform.internal.NoJtaPlatform]
Hibernate: 
    alter table if exists image 
       alter column image_data set data type bytea
2023-10-25T23:43:00.506+03:00  INFO 1344 --- [           main] j.LocalContainerEntityManagerFactoryBean : Initialized JPA EntityManagerFactory for persistence unit 'default'
2023-10-25T23:43:01.905+03:00  INFO 1344 --- [           main] o.s.d.j.r.query.QueryEnhancerFactory     : Hibernate is in classpath; If applicable, HQL parser will be used.
2023-10-25T23:43:04.602+03:00  WARN 1344 --- [           main] JpaBaseConfiguration$JpaWebConfiguration : spring.jpa.open-in-view is enabled by default. Therefore, database queries may be performed during view rendering. Explicitly configure spring.jpa.open-in-view to disable this warning
2023-10-25T23:43:05.995+03:00  INFO 1344 --- [           main] o.s.s.web.DefaultSecurityFilterChain     : Will secure any request with [org.springframework.security.web.session.DisableEncodeUrlFilter@da8853c, org.springframework.security.web.context.request.async.WebAsyncManagerIntegrationFilter@fb79241, org.springframework.security.web.context.SecurityContextHolderFilter@2fb006dc, org.springframework.security.web.header.HeaderWriterFilter@2251cc2e, org.springframework.web.filter.CorsFilter@275860e9, org.springframework.security.web.authentication.logout.LogoutFilter@3d2be0df, com.panoseko.devtrack.config.JwtAuthenticationFilter@322f6283, org.springframework.security.web.savedrequest.RequestCacheAwareFilter@2abe5132, org.springframework.security.web.servletapi.SecurityContextHolderAwareRequestFilter@2620f935, org.springframework.security.web.authentication.AnonymousAuthenticationFilter@1f81b020, org.springframework.security.web.session.SessionManagementFilter@7caa5387, org.springframework.security.web.access.ExceptionTranslationFilter@20307cb9, org.springframework.security.web.access.intercept.AuthorizationFilter@1e0383d3]
2023-10-25T23:43:06.967+03:00  INFO 1344 --- [           main] c.p.devtrack.DevtrackApplicationTests    : Started DevtrackApplicationTests in 18.957 seconds (process running for 21.605)
]]></system-out>
  </testcase>
</testsuite>